0 info it worked if it ends with ok
1 verbose cli [ '/Users/peteshaw/.nvm/versions/node/v5.7.1/bin/node',
1 verbose cli   '/Users/peteshaw/.nvm/versions/node/v5.7.1/bin/npm',
1 verbose cli   'publish' ]
2 info using npm@3.6.0
3 info using node@v5.7.1
4 verbose publish [ '.' ]
5 silly cache add args [ '.', null ]
6 verbose cache add spec .
7 silly cache add parsed spec Result {
7 silly cache add   raw: '.',
7 silly cache add   scope: null,
7 silly cache add   name: null,
7 silly cache add   rawSpec: '.',
7 silly cache add   spec: '/Users/peteshaw/git/nodent-loader',
7 silly cache add   type: 'directory' }
8 verbose addLocalDirectory /Users/peteshaw/.npm/nodent-loader/1.0.0/package.tgz not in flight; packing
9 verbose correctMkdir /Users/peteshaw/.npm correctMkdir not in flight; initializing
10 info lifecycle nodent-loader@1.0.0~prepublish: nodent-loader@1.0.0
11 silly lifecycle nodent-loader@1.0.0~prepublish: no script for prepublish, continuing
12 verbose tar pack [ '/Users/peteshaw/.npm/nodent-loader/1.0.0/package.tgz',
12 verbose tar pack   '/Users/peteshaw/git/nodent-loader' ]
13 verbose tarball /Users/peteshaw/.npm/nodent-loader/1.0.0/package.tgz
14 verbose folder /Users/peteshaw/git/nodent-loader
15 verbose addLocalTarball adding from inside cache /Users/peteshaw/.npm/nodent-loader/1.0.0/package.tgz
16 verbose correctMkdir /Users/peteshaw/.npm correctMkdir not in flight; initializing
17 silly cache afterAdd nodent-loader@1.0.0
18 verbose afterAdd /Users/peteshaw/.npm/nodent-loader/1.0.0/package/package.json not in flight; writing
19 verbose correctMkdir /Users/peteshaw/.npm correctMkdir not in flight; initializing
20 verbose afterAdd /Users/peteshaw/.npm/nodent-loader/1.0.0/package/package.json written
21 silly publish { name: 'nodent-loader',
21 silly publish   version: '1.0.0',
21 silly publish   description: 'A loader for webpack to transform ES7 async/await statements using nodent',
21 silly publish   main: 'nodent-loader.js',
21 silly publish   scripts: { test: 'echo "Error: no test specified" && exit 1' },
21 silly publish   author: { name: 'lozlow' },
21 silly publish   license: 'BSD-2-Clause',
21 silly publish   dependencies: { nodent: '^2.4.1' },
21 silly publish   devDependencies: {},
21 silly publish   repository:
21 silly publish    { type: 'git',
21 silly publish      url: 'git+https://github.com/lozlow/nodent-loader.git' },
21 silly publish   bugs: { url: 'https://github.com/lozlow/nodent-loader/issues' },
21 silly publish   homepage: 'https://github.com/lozlow/nodent-loader#readme',
21 silly publish   keywords: [ 'nodent', 'async', 'await' ],
21 silly publish   readme: '# nodent-loader\n\n## Purpose\nnodent-loader will transform ES7 async/await statements used in source files loaded by webpack using [nodent](https://github.com/MatAtBread/nodent) to produce code that is suitable for consumption by other loaders (e.g. babel) or for webpack output.\n\nCurrently it is not configurable via query params.\n\n## Typical usage\nIn your webpack.config.js:\n````\n{\n\tmodule: {\n\t\tloaders: [\n\t\t\t{\n\t\t\t\ttest: /\\.js$/,\n\t\t\t\tloader: \'nodent-loader\',\n\t\t\t\texclude: /(node_modules)/\n\t\t\t}\n\t\t]\n\t}\n}\n````\n',
21 silly publish   readmeFilename: 'README.md',
21 silly publish   gitHead: '301d4d1c94af36c0631579f29b34b42748e6b26d',
21 silly publish   _id: 'nodent-loader@1.0.0',
21 silly publish   _shasum: '53c9d165d5488dc29de7992e608d8f681cefcc11',
21 silly publish   _from: '.' }
22 verbose getPublishConfig undefined
23 silly mapToRegistry name nodent-loader
24 silly mapToRegistry using default registry
25 silly mapToRegistry registry https://registry.npmjs.org/
26 silly mapToRegistry uri https://registry.npmjs.org/nodent-loader
27 verbose publish registryBase https://registry.npmjs.org/
28 silly publish uploading /Users/peteshaw/.npm/nodent-loader/1.0.0/package.tgz
29 verbose request uri https://registry.npmjs.org/nodent-loader
30 verbose request sending authorization for write operation
31 info attempt registry request try #1 at 3:05:46 PM
32 verbose request using bearer token for auth
33 verbose request id f4f468110975285c
34 http request PUT https://registry.npmjs.org/nodent-loader
35 http 403 https://registry.npmjs.org/nodent-loader
36 verbose headers { 'content-type': 'application/json',
36 verbose headers   'cache-control': 'max-age=300',
36 verbose headers   'content-length': '95',
36 verbose headers   'accept-ranges': 'bytes',
36 verbose headers   date: 'Wed, 16 Mar 2016 15:05:27 GMT',
36 verbose headers   via: '1.1 varnish',
36 verbose headers   connection: 'keep-alive',
36 verbose headers   'x-served-by': 'cache-lhr6334-LHR',
36 verbose headers   'x-cache': 'MISS',
36 verbose headers   'x-cache-hits': '0',
36 verbose headers   'x-timer': 'S1458140726.580940,VS0,VE1046' }
37 verbose request invalidating /Users/peteshaw/.npm/registry.npmjs.org/nodent-loader on PUT
38 error publish Failed PUT 403
39 verbose stack Error: "You cannot publish over the previously published version 1.0.0." : nodent-loader
39 verbose stack     at makeError (/Users/peteshaw/.nvm/versions/node/v5.7.1/lib/node_modules/npm/node_modules/npm-registry-client/lib/request.js:264:12)
39 verbose stack     at CachingRegistryClient.<anonymous> (/Users/peteshaw/.nvm/versions/node/v5.7.1/lib/node_modules/npm/node_modules/npm-registry-client/lib/request.js:252:14)
39 verbose stack     at Request._callback (/Users/peteshaw/.nvm/versions/node/v5.7.1/lib/node_modules/npm/node_modules/npm-registry-client/lib/request.js:172:14)
39 verbose stack     at Request.self.callback (/Users/peteshaw/.nvm/versions/node/v5.7.1/lib/node_modules/npm/node_modules/request/request.js:198:22)
39 verbose stack     at emitTwo (events.js:100:13)
39 verbose stack     at Request.emit (events.js:185:7)
39 verbose stack     at Request.<anonymous> (/Users/peteshaw/.nvm/versions/node/v5.7.1/lib/node_modules/npm/node_modules/request/request.js:1035:10)
39 verbose stack     at emitOne (events.js:95:20)
39 verbose stack     at Request.emit (events.js:182:7)
39 verbose stack     at IncomingMessage.<anonymous> (/Users/peteshaw/.nvm/versions/node/v5.7.1/lib/node_modules/npm/node_modules/request/request.js:962:12)
40 verbose statusCode 403
41 verbose pkgid nodent-loader
42 verbose cwd /Users/peteshaw/git/nodent-loader
43 error Darwin 15.3.0
44 error argv "/Users/peteshaw/.nvm/versions/node/v5.7.1/bin/node" "/Users/peteshaw/.nvm/versions/node/v5.7.1/bin/npm" "publish"
45 error node v5.7.1
46 error npm  v3.6.0
47 error code E403
48 error "You cannot publish over the previously published version 1.0.0." : nodent-loader
49 error If you need help, you may report this error at:
49 error     <https://github.com/npm/npm/issues>
50 verbose exit [ 1, true ]
